<?xml version="1.0" encoding="UTF-8"?>
<testsuite xmlns:xsi="http://www.w3.org/2001/XMLSchema-instance" xsi:noNamespaceSchemaLocation="https://maven.apache.org/surefire/maven-surefire-plugin/xsd/surefire-test-report.xsd" name="TestSuite" time="1.674" tests="6" errors="0" skipped="4" failures="2">
  <properties>
    <property name="gopherProxySet" value="false"/>
    <property name="awt.toolkit" value="sun.lwawt.macosx.LWCToolkit"/>
    <property name="file.encoding.pkg" value="sun.io"/>
    <property name="java.specification.version" value="1.8"/>
    <property name="sun.cpu.isalist" value=""/>
    <property name="sun.jnu.encoding" value="UTF-8"/>
    <property name="java.class.path" value="/Users/miftahchowdhury/SeleniumHybridFramework/target/test-classes:/Users/miftahchowdhury/SeleniumHybridFramework/target/classes:/Users/miftahchowdhury/.m2/repository/junit/junit/3.8.1/junit-3.8.1.jar:/Users/miftahchowdhury/.m2/repository/org/seleniumhq/selenium/selenium-java/3.14.0/selenium-java-3.14.0.jar:/Users/miftahchowdhury/.m2/repository/org/seleniumhq/selenium/selenium-api/3.14.0/selenium-api-3.14.0.jar:/Users/miftahchowdhury/.m2/repository/org/seleniumhq/selenium/selenium-chrome-driver/3.14.0/selenium-chrome-driver-3.14.0.jar:/Users/miftahchowdhury/.m2/repository/org/seleniumhq/selenium/selenium-edge-driver/3.14.0/selenium-edge-driver-3.14.0.jar:/Users/miftahchowdhury/.m2/repository/org/seleniumhq/selenium/selenium-firefox-driver/3.14.0/selenium-firefox-driver-3.14.0.jar:/Users/miftahchowdhury/.m2/repository/org/seleniumhq/selenium/selenium-ie-driver/3.14.0/selenium-ie-driver-3.14.0.jar:/Users/miftahchowdhury/.m2/repository/org/seleniumhq/selenium/selenium-opera-driver/3.14.0/selenium-opera-driver-3.14.0.jar:/Users/miftahchowdhury/.m2/repository/org/seleniumhq/selenium/selenium-remote-driver/3.14.0/selenium-remote-driver-3.14.0.jar:/Users/miftahchowdhury/.m2/repository/org/seleniumhq/selenium/selenium-safari-driver/3.14.0/selenium-safari-driver-3.14.0.jar:/Users/miftahchowdhury/.m2/repository/org/seleniumhq/selenium/selenium-support/3.14.0/selenium-support-3.14.0.jar:/Users/miftahchowdhury/.m2/repository/net/bytebuddy/byte-buddy/1.8.15/byte-buddy-1.8.15.jar:/Users/miftahchowdhury/.m2/repository/org/apache/commons/commons-exec/1.3/commons-exec-1.3.jar:/Users/miftahchowdhury/.m2/repository/commons-codec/commons-codec/1.10/commons-codec-1.10.jar:/Users/miftahchowdhury/.m2/repository/commons-logging/commons-logging/1.2/commons-logging-1.2.jar:/Users/miftahchowdhury/.m2/repository/com/google/guava/guava/25.0-jre/guava-25.0-jre.jar:/Users/miftahchowdhury/.m2/repository/com/google/code/findbugs/jsr305/1.3.9/jsr305-1.3.9.jar:/Users/miftahchowdhury/.m2/repository/org/checkerframework/checker-compat-qual/2.0.0/checker-compat-qual-2.0.0.jar:/Users/miftahchowdhury/.m2/repository/com/google/errorprone/error_prone_annotations/2.1.3/error_prone_annotations-2.1.3.jar:/Users/miftahchowdhury/.m2/repository/com/google/j2objc/j2objc-annotations/1.1/j2objc-annotations-1.1.jar:/Users/miftahchowdhury/.m2/repository/org/codehaus/mojo/animal-sniffer-annotations/1.14/animal-sniffer-annotations-1.14.jar:/Users/miftahchowdhury/.m2/repository/org/apache/httpcomponents/httpclient/4.5.5/httpclient-4.5.5.jar:/Users/miftahchowdhury/.m2/repository/org/apache/httpcomponents/httpcore/4.4.9/httpcore-4.4.9.jar:/Users/miftahchowdhury/.m2/repository/com/squareup/okhttp3/okhttp/3.10.0/okhttp-3.10.0.jar:/Users/miftahchowdhury/.m2/repository/com/squareup/okio/okio/1.14.1/okio-1.14.1.jar:/Users/miftahchowdhury/.m2/repository/org/testng/testng/6.14.3/testng-6.14.3.jar:/Users/miftahchowdhury/.m2/repository/com/beust/jcommander/1.72/jcommander-1.72.jar:/Users/miftahchowdhury/.m2/repository/org/apache-extras/beanshell/bsh/2.0b6/bsh-2.0b6.jar:/Users/miftahchowdhury/.m2/repository/org/apache/poi/poi/3.17/poi-3.17.jar:/Users/miftahchowdhury/.m2/repository/org/apache/commons/commons-collections4/4.1/commons-collections4-4.1.jar:/Users/miftahchowdhury/.m2/repository/org/apache/poi/poi-ooxml/3.17/poi-ooxml-3.17.jar:/Users/miftahchowdhury/.m2/repository/org/apache/poi/poi-ooxml-schemas/3.17/poi-ooxml-schemas-3.17.jar:/Users/miftahchowdhury/.m2/repository/org/apache/xmlbeans/xmlbeans/2.6.0/xmlbeans-2.6.0.jar:/Users/miftahchowdhury/.m2/repository/stax/stax-api/1.0.1/stax-api-1.0.1.jar:/Users/miftahchowdhury/.m2/repository/com/github/virtuald/curvesapi/1.04/curvesapi-1.04.jar:/Users/miftahchowdhury/.m2/repository/com/aventstack/extentreports/3.1.2/extentreports-3.1.2.jar:/Users/miftahchowdhury/.m2/repository/org/freemarker/freemarker/2.3.23/freemarker-2.3.23.jar:/Users/miftahchowdhury/.m2/repository/org/mongodb/mongodb-driver/3.3.0/mongodb-driver-3.3.0.jar:/Users/miftahchowdhury/.m2/repository/org/mongodb/bson/3.3.0/bson-3.3.0.jar:/Users/miftahchowdhury/.m2/repository/org/mongodb/mongodb-driver-core/3.3.0/mongodb-driver-core-3.3.0.jar:/Users/miftahchowdhury/.m2/repository/org/apache/httpcomponents/httpmime/4.5.2/httpmime-4.5.2.jar:/Users/miftahchowdhury/.m2/repository/org/jsoup/jsoup/1.9.2/jsoup-1.9.2.jar:/Users/miftahchowdhury/.m2/repository/com/google/code/gson/gson/2.8.0/gson-2.8.0.jar:/Users/miftahchowdhury/.m2/repository/org/apache/commons/commons-lang3/3.0/commons-lang3-3.0.jar:/Users/miftahchowdhury/.m2/repository/commons-io/commons-io/1.3.2/commons-io-1.3.2.jar:/Users/miftahchowdhury/.m2/repository/log4j/log4j/1.2.17/log4j-1.2.17.jar:"/>
    <property name="java.vm.vendor" value="Oracle Corporation"/>
    <property name="sun.arch.data.model" value="64"/>
    <property name="java.vendor.url" value="http://java.oracle.com/"/>
    <property name="user.timezone" value=""/>
    <property name="java.vm.specification.version" value="1.8"/>
    <property name="os.name" value="Mac OS X"/>
    <property name="user.country" value="US"/>
    <property name="sun.java.launcher" value="SUN_STANDARD"/>
    <property name="sun.boot.library.path" value="/Library/Java/JavaVirtualMachines/jdk1.8.0_181.jdk/Contents/Home/jre/lib"/>
    <property name="sun.java.command" value="/Users/miftahchowdhury/SeleniumHybridFramework/target/surefire/surefirebooter2240345006201409384.jar /Users/miftahchowdhury/SeleniumHybridFramework/target/surefire 2020-09-29T21-47-00_611-jvmRun1 surefire1603495044924224244tmp surefire_07152527138882369420tmp"/>
    <property name="http.nonProxyHosts" value="local|*.local|169.254/16|*.169.254/16|127.0.0.1"/>
    <property name="surefire.test.class.path" value="/Users/miftahchowdhury/SeleniumHybridFramework/target/test-classes:/Users/miftahchowdhury/SeleniumHybridFramework/target/classes:/Users/miftahchowdhury/.m2/repository/junit/junit/3.8.1/junit-3.8.1.jar:/Users/miftahchowdhury/.m2/repository/org/seleniumhq/selenium/selenium-java/3.14.0/selenium-java-3.14.0.jar:/Users/miftahchowdhury/.m2/repository/org/seleniumhq/selenium/selenium-api/3.14.0/selenium-api-3.14.0.jar:/Users/miftahchowdhury/.m2/repository/org/seleniumhq/selenium/selenium-chrome-driver/3.14.0/selenium-chrome-driver-3.14.0.jar:/Users/miftahchowdhury/.m2/repository/org/seleniumhq/selenium/selenium-edge-driver/3.14.0/selenium-edge-driver-3.14.0.jar:/Users/miftahchowdhury/.m2/repository/org/seleniumhq/selenium/selenium-firefox-driver/3.14.0/selenium-firefox-driver-3.14.0.jar:/Users/miftahchowdhury/.m2/repository/org/seleniumhq/selenium/selenium-ie-driver/3.14.0/selenium-ie-driver-3.14.0.jar:/Users/miftahchowdhury/.m2/repository/org/seleniumhq/selenium/selenium-opera-driver/3.14.0/selenium-opera-driver-3.14.0.jar:/Users/miftahchowdhury/.m2/repository/org/seleniumhq/selenium/selenium-remote-driver/3.14.0/selenium-remote-driver-3.14.0.jar:/Users/miftahchowdhury/.m2/repository/org/seleniumhq/selenium/selenium-safari-driver/3.14.0/selenium-safari-driver-3.14.0.jar:/Users/miftahchowdhury/.m2/repository/org/seleniumhq/selenium/selenium-support/3.14.0/selenium-support-3.14.0.jar:/Users/miftahchowdhury/.m2/repository/net/bytebuddy/byte-buddy/1.8.15/byte-buddy-1.8.15.jar:/Users/miftahchowdhury/.m2/repository/org/apache/commons/commons-exec/1.3/commons-exec-1.3.jar:/Users/miftahchowdhury/.m2/repository/commons-codec/commons-codec/1.10/commons-codec-1.10.jar:/Users/miftahchowdhury/.m2/repository/commons-logging/commons-logging/1.2/commons-logging-1.2.jar:/Users/miftahchowdhury/.m2/repository/com/google/guava/guava/25.0-jre/guava-25.0-jre.jar:/Users/miftahchowdhury/.m2/repository/com/google/code/findbugs/jsr305/1.3.9/jsr305-1.3.9.jar:/Users/miftahchowdhury/.m2/repository/org/checkerframework/checker-compat-qual/2.0.0/checker-compat-qual-2.0.0.jar:/Users/miftahchowdhury/.m2/repository/com/google/errorprone/error_prone_annotations/2.1.3/error_prone_annotations-2.1.3.jar:/Users/miftahchowdhury/.m2/repository/com/google/j2objc/j2objc-annotations/1.1/j2objc-annotations-1.1.jar:/Users/miftahchowdhury/.m2/repository/org/codehaus/mojo/animal-sniffer-annotations/1.14/animal-sniffer-annotations-1.14.jar:/Users/miftahchowdhury/.m2/repository/org/apache/httpcomponents/httpclient/4.5.5/httpclient-4.5.5.jar:/Users/miftahchowdhury/.m2/repository/org/apache/httpcomponents/httpcore/4.4.9/httpcore-4.4.9.jar:/Users/miftahchowdhury/.m2/repository/com/squareup/okhttp3/okhttp/3.10.0/okhttp-3.10.0.jar:/Users/miftahchowdhury/.m2/repository/com/squareup/okio/okio/1.14.1/okio-1.14.1.jar:/Users/miftahchowdhury/.m2/repository/org/testng/testng/6.14.3/testng-6.14.3.jar:/Users/miftahchowdhury/.m2/repository/com/beust/jcommander/1.72/jcommander-1.72.jar:/Users/miftahchowdhury/.m2/repository/org/apache-extras/beanshell/bsh/2.0b6/bsh-2.0b6.jar:/Users/miftahchowdhury/.m2/repository/org/apache/poi/poi/3.17/poi-3.17.jar:/Users/miftahchowdhury/.m2/repository/org/apache/commons/commons-collections4/4.1/commons-collections4-4.1.jar:/Users/miftahchowdhury/.m2/repository/org/apache/poi/poi-ooxml/3.17/poi-ooxml-3.17.jar:/Users/miftahchowdhury/.m2/repository/org/apache/poi/poi-ooxml-schemas/3.17/poi-ooxml-schemas-3.17.jar:/Users/miftahchowdhury/.m2/repository/org/apache/xmlbeans/xmlbeans/2.6.0/xmlbeans-2.6.0.jar:/Users/miftahchowdhury/.m2/repository/stax/stax-api/1.0.1/stax-api-1.0.1.jar:/Users/miftahchowdhury/.m2/repository/com/github/virtuald/curvesapi/1.04/curvesapi-1.04.jar:/Users/miftahchowdhury/.m2/repository/com/aventstack/extentreports/3.1.2/extentreports-3.1.2.jar:/Users/miftahchowdhury/.m2/repository/org/freemarker/freemarker/2.3.23/freemarker-2.3.23.jar:/Users/miftahchowdhury/.m2/repository/org/mongodb/mongodb-driver/3.3.0/mongodb-driver-3.3.0.jar:/Users/miftahchowdhury/.m2/repository/org/mongodb/bson/3.3.0/bson-3.3.0.jar:/Users/miftahchowdhury/.m2/repository/org/mongodb/mongodb-driver-core/3.3.0/mongodb-driver-core-3.3.0.jar:/Users/miftahchowdhury/.m2/repository/org/apache/httpcomponents/httpmime/4.5.2/httpmime-4.5.2.jar:/Users/miftahchowdhury/.m2/repository/org/jsoup/jsoup/1.9.2/jsoup-1.9.2.jar:/Users/miftahchowdhury/.m2/repository/com/google/code/gson/gson/2.8.0/gson-2.8.0.jar:/Users/miftahchowdhury/.m2/repository/org/apache/commons/commons-lang3/3.0/commons-lang3-3.0.jar:/Users/miftahchowdhury/.m2/repository/commons-io/commons-io/1.3.2/commons-io-1.3.2.jar:/Users/miftahchowdhury/.m2/repository/log4j/log4j/1.2.17/log4j-1.2.17.jar:"/>
    <property name="sun.cpu.endian" value="little"/>
    <property name="user.home" value="/Users/miftahchowdhury"/>
    <property name="user.language" value="en"/>
    <property name="java.specification.vendor" value="Oracle Corporation"/>
    <property name="java.home" value="/Library/Java/JavaVirtualMachines/jdk1.8.0_181.jdk/Contents/Home/jre"/>
    <property name="basedir" value="/Users/miftahchowdhury/SeleniumHybridFramework"/>
    <property name="file.separator" value="/"/>
    <property name="line.separator" value="&#10;"/>
    <property name="java.vm.specification.vendor" value="Oracle Corporation"/>
    <property name="java.specification.name" value="Java Platform API Specification"/>
    <property name="java.awt.graphicsenv" value="sun.awt.CGraphicsEnvironment"/>
    <property name="idea.version2020.1.2" value="true"/>
    <property name="surefire.real.class.path" value="/Users/miftahchowdhury/SeleniumHybridFramework/target/surefire/surefirebooter2240345006201409384.jar"/>
    <property name="sun.boot.class.path" value="/Library/Java/JavaVirtualMachines/jdk1.8.0_181.jdk/Contents/Home/jre/lib/resources.jar:/Library/Java/JavaVirtualMachines/jdk1.8.0_181.jdk/Contents/Home/jre/lib/rt.jar:/Library/Java/JavaVirtualMachines/jdk1.8.0_181.jdk/Contents/Home/jre/lib/sunrsasign.jar:/Library/Java/JavaVirtualMachines/jdk1.8.0_181.jdk/Contents/Home/jre/lib/jsse.jar:/Library/Java/JavaVirtualMachines/jdk1.8.0_181.jdk/Contents/Home/jre/lib/jce.jar:/Library/Java/JavaVirtualMachines/jdk1.8.0_181.jdk/Contents/Home/jre/lib/charsets.jar:/Library/Java/JavaVirtualMachines/jdk1.8.0_181.jdk/Contents/Home/jre/lib/jfr.jar:/Library/Java/JavaVirtualMachines/jdk1.8.0_181.jdk/Contents/Home/jre/classes"/>
    <property name="sun.management.compiler" value="HotSpot 64-Bit Tiered Compilers"/>
    <property name="ftp.nonProxyHosts" value="local|*.local|169.254/16|*.169.254/16|127.0.0.1"/>
    <property name="java.runtime.version" value="1.8.0_181-b13"/>
    <property name="user.name" value="miftahchowdhury"/>
    <property name="path.separator" value=":"/>
    <property name="os.version" value="10.15"/>
    <property name="java.endorsed.dirs" value="/Library/Java/JavaVirtualMachines/jdk1.8.0_181.jdk/Contents/Home/jre/lib/endorsed"/>
    <property name="java.runtime.name" value="Java(TM) SE Runtime Environment"/>
    <property name="file.encoding" value="UTF-8"/>
    <property name="java.vm.name" value="Java HotSpot(TM) 64-Bit Server VM"/>
    <property name="localRepository" value="/Users/miftahchowdhury/.m2/repository"/>
    <property name="java.vendor.url.bug" value="http://bugreport.sun.com/bugreport/"/>
    <property name="java.io.tmpdir" value="/var/folders/gd/9xml9_6x7mg_k281f89x5y6c0000gn/T/"/>
    <property name="java.version" value="1.8.0_181"/>
    <property name="user.dir" value="/Users/miftahchowdhury/SeleniumHybridFramework"/>
    <property name="os.arch" value="x86_64"/>
    <property name="java.vm.specification.name" value="Java Virtual Machine Specification"/>
    <property name="java.awt.printerjob" value="sun.lwawt.macosx.CPrinterJob"/>
    <property name="sun.os.patch.level" value="unknown"/>
    <property name="java.library.path" value="/Users/miftahchowdhury/Library/Java/Extensions:/Library/Java/Extensions:/Network/Library/Java/Extensions:/System/Library/Java/Extensions:/usr/lib/java:."/>
    <property name="java.vm.info" value="mixed mode"/>
    <property name="java.vendor" value="Oracle Corporation"/>
    <property name="java.vm.version" value="25.181-b13"/>
    <property name="java.ext.dirs" value="/Users/miftahchowdhury/Library/Java/Extensions:/Library/Java/JavaVirtualMachines/jdk1.8.0_181.jdk/Contents/Home/jre/lib/ext:/Library/Java/Extensions:/Network/Library/Java/Extensions:/System/Library/Java/Extensions:/usr/lib/java"/>
    <property name="sun.io.unicode.encoding" value="UnicodeBig"/>
    <property name="java.class.version" value="52.0"/>
    <property name="socksNonProxyHosts" value="local|*.local|169.254/16|*.169.254/16|127.0.0.1"/>
  </properties>
  <testcase name="setup" classname="com.inetbanking.testCases.TC_LoginTest_001" time="1.02">
    <failure message="The driver executable does not exist: /Users/miftahchowdhury/SeleniumHybridFramework/./Drivers\chromedriver.exe" type="java.lang.IllegalStateException">java.lang.IllegalStateException: The driver executable does not exist: /Users/miftahchowdhury/SeleniumHybridFramework/./Drivers\chromedriver.exe
</failure>
  </testcase>
  <testcase name="loginTest" classname="com.inetbanking.testCases.TC_LoginTest_001" time="0">
    <skipped message="The driver executable does not exist: /Users/miftahchowdhury/SeleniumHybridFramework/./Drivers\chromedriver.exe"/>
  </testcase>
  <testcase name="tearDown" classname="com.inetbanking.testCases.TC_LoginTest_001" time="0">
    <skipped/>
  </testcase>
  <testcase name="setup" classname="com.inetbanking.testCases.TC_AddCustomerTest_003" time="1.063">
    <failure message="The driver executable does not exist: /Users/miftahchowdhury/SeleniumHybridFramework/./Drivers\chromedriver.exe" type="java.lang.IllegalStateException">java.lang.IllegalStateException: The driver executable does not exist: /Users/miftahchowdhury/SeleniumHybridFramework/./Drivers\chromedriver.exe
</failure>
  </testcase>
  <testcase name="addNewCustomer" classname="com.inetbanking.testCases.TC_AddCustomerTest_003" time="0">
    <skipped message="The driver executable does not exist: /Users/miftahchowdhury/SeleniumHybridFramework/./Drivers\chromedriver.exe"/>
  </testcase>
  <testcase name="tearDown" classname="com.inetbanking.testCases.TC_AddCustomerTest_003" time="0">
    <skipped/>
  </testcase>
</testsuite>